2025-03-23 16:58:55 - Invalid user 11
2025-03-23 16:59:08 - Invalid user 11
2025-03-23 17:00:57 - HELO received for user 11
2025-03-23 17:00:59 - User 11 authenticated
2025-03-23 17:01:00 - Balance checked for 11
2025-03-23 17:01:06 - Withdrawal 200.0 from 11
2025-03-23 17:01:16 - Insufficient balance for 11
2025-03-23 17:01:20 - Balance checked for 11
2025-03-23 17:01:23 - User 11 logged out
2025-03-23 17:01:25 - Invalid user 12
2025-03-23 17:01:29 - HELO received for user 11
2025-03-23 17:01:32 - Wrong password for 11
2025-03-23 17:01:35 - HELO received for user 11
2025-03-23 17:01:37 - User 11 authenticated
2025-03-23 17:01:38 - Balance checked for 11
2025-04-06 17:33:28 - HELO received for user 11
2025-04-06 17:33:34 - Wrong password for 11
2025-04-06 17:33:44 - Invalid user 123456
2025-04-06 17:33:53 - Invalid user 123456
2025-04-06 17:37:58 - HELO received for user 11
2025-04-06 17:38:03 - User 11 authenticated
2025-04-06 17:38:21 - HELO received for user 11
2025-04-06 17:38:26 - Wrong password for 11
2025-04-06 17:38:35 - HELO received for user 11
2025-04-06 17:38:39 - User 11 authenticated
2025-04-08 09:08:01 - HELO received for user 11
2025-04-08 09:08:30 - User 11 authenticated
2025-04-08 09:08:53 - Balance checked for 11
2025-04-08 09:09:15 - Withdrawal 100.0 from 11
2025-04-08 09:09:40 - Balance checked for 11
2025-04-08 09:09:58 - User 11 logged out
2025-04-20 15:34:28 - HELO received for user 11
2025-04-20 15:34:40 - User 11 authenticated
2025-04-20 15:34:53 - Balance checked for 11
2025-04-20 15:35:20 - Withdrawal 100.0 from 11
2025-04-20 15:35:24 - User 11 logged out
2025-04-20 16:38:27 - Unknown command HELO:11
2025-04-20 16:51:29 - HELO received for user 11
2025-04-20 16:51:34 - User 11 authenticated
2025-04-20 16:51:38 - Balance checked for 11
2025-04-20 16:51:43 - Insufficient balance for 11
